<?xml version="1.0" encoding="UTF-8"?>
<testsuite xmlns:xsi="http://www.w3.org/2001/XMLSchema-instance" xsi:noNamespaceSchemaLocation="https://maven.apache.org/surefire/maven-surefire-plugin/xsd/surefire-test-report-3.0.xsd" version="3.0" name="no.hvl.dat110.unit.tests.TestKeys" time="21.614" tests="1" errors="1" skipped="0" failures="0">
  <properties>
[...]
</properties>
  <testcase name="" classname="no.hvl.dat110.unit.tests.TestKeys" time="21.614">
    <error type="java.lang.NullPointerException"><![CDATA[java.lang.NullPointerException
	at java.base/java.math.BigInteger.compareTo(BigInteger.java:3801)
	at no.hvl.dat110.util.Util.checkInterval(Util.java:50)
	at no.hvl.dat110.chordoperations.ChordLookup.findSuccessor(ChordLookup.java:50)
	at no.hvl.dat110.middleware.Node.findSuccessor(Node.java:130)
	at jdk.internal.reflect.GeneratedMethodAccessor7.invoke(Unknown Source)
	at java.base/jdk.internal.reflect.DelegatingMethodAccessorImpl.invoke(DelegatingMethodAccessorImpl.java:43)
	at java.base/java.lang.reflect.Method.invoke(Method.java:569)
	at java.rmi/sun.rmi.server.UnicastServerRef.dispatch(UnicastServerRef.java:360)
	at java.rmi/sun.rmi.transport.Transport$1.run(Transport.java:200)
	at java.rmi/sun.rmi.transport.Transport$1.run(Transport.java:197)
	at java.base/java.security.AccessController.doPrivileged(AccessController.java:712)
	at java.rmi/sun.rmi.transport.Transport.serviceCall(Transport.java:196)
	at java.rmi/sun.rmi.transport.tcp.TCPTransport.handleMessages(TCPTransport.java:587)
	at java.rmi/sun.rmi.transport.tcp.TCPTransport$ConnectionHandler.run0(TCPTransport.java:828)
	at java.rmi/sun.rmi.transport.tcp.TCPTransport$ConnectionHandler.lambda$run$0(TCPTransport.java:705)
	at java.base/java.security.AccessController.doPrivileged(AccessController.java:399)
	at java.rmi/sun.rmi.transport.tcp.TCPTransport$ConnectionHandler.run(TCPTransport.java:704)
	at java.base/java.util.concurrent.ThreadPoolExecutor.runWorker(ThreadPoolExecutor.java:1136)
	at java.base/java.util.concurrent.ThreadPoolExecutor$Worker.run(ThreadPoolExecutor.java:635)
	at java.base/java.lang.Thread.run(Thread.java:840)
	at java.rmi/sun.rmi.transport.StreamRemoteCall.exceptionReceivedFromServer(StreamRemoteCall.java:304)
	at java.rmi/sun.rmi.transport.StreamRemoteCall.executeCall(StreamRemoteCall.java:280)
	at java.rmi/sun.rmi.server.UnicastRef.invoke(UnicastRef.java:165)
	at java.rmi/java.rmi.server.RemoteObjectInvocationHandler.invokeRemoteMethod(RemoteObjectInvocationHandler.java:215)
	at java.rmi/java.rmi.server.RemoteObjectInvocationHandler.invoke(RemoteObjectInvocationHandler.java:160)
	at jdk.proxy2/jdk.proxy2.$Proxy23.findSuccessor(Unknown Source)
	at no.hvl.dat110.util.FileManager.distributeReplicastoPeers(FileManager.java:94)
	at no.hvl.dat110.unit.tests.SetUp.doDistribute(SetUp.java:63)
	at no.hvl.dat110.unit.tests.TestKeys.setUpBeforeClass(TestKeys.java:80)
	at java.base/jdk.internal.reflect.NativeMethodAccessorImpl.invoke0(Native Method)
	at java.base/jdk.internal.reflect.NativeMethodAccessorImpl.invoke(NativeMethodAccessorImpl.java:77)
	at java.base/jdk.internal.reflect.DelegatingMethodAccessorImpl.invoke(DelegatingMethodAccessorImpl.java:43)
	at java.base/java.lang.reflect.Method.invoke(Method.java:569)
	at org.junit.platform.commons.util.ReflectionUtils.invokeMethod(ReflectionUtils.java:727)
	at org.junit.jupiter.engine.execution.MethodInvocation.proceed(MethodInvocation.java:60)
	at org.junit.jupiter.engine.execution.InvocationInterceptorChain$ValidatingInvocation.proceed(InvocationInterceptorChain.java:131)
	at org.junit.jupiter.engine.extension.TimeoutExtension.intercept(TimeoutExtension.java:156)
	at org.junit.jupiter.engine.extension.TimeoutExtension.interceptLifecycleMethod(TimeoutExtension.java:128)
	at org.junit.jupiter.engine.extension.TimeoutExtension.interceptBeforeAllMethod(TimeoutExtension.java:70)
	at org.junit.jupiter.engine.execution.InterceptingExecutableInvoker$ReflectiveInterceptorCall.lambda$ofVoidMethod$0(InterceptingExecutableInvoker.java:103)
	at org.junit.jupiter.engine.execution.InterceptingExecutableInvoker.lambda$invoke$0(InterceptingExecutableInvoker.java:93)
	at org.junit.jupiter.engine.execution.InvocationInterceptorChain$InterceptedInvocation.proceed(InvocationInterceptorChain.java:106)
	at org.junit.jupiter.engine.execution.InvocationInterceptorChain.proceed(InvocationInterceptorChain.java:64)
	at org.junit.jupiter.engine.execution.InvocationInterceptorChain.chainAndInvoke(InvocationInterceptorChain.java:45)
	at org.junit.jupiter.engine.execution.InvocationInterceptorChain.invoke(InvocationInterceptorChain.java:37)
	at org.junit.jupiter.engine.execution.InterceptingExecutableInvoker.invoke(InterceptingExecutableInvoker.java:92)
	at org.junit.jupiter.engine.execution.InterceptingExecutableInvoker.invoke(InterceptingExecutableInvoker.java:86)
	at org.junit.jupiter.engine.descriptor.ClassBasedTestDescriptor.lambda$invokeBeforeAllMethods$13(ClassBasedTestDescriptor.java:411)
	at org.junit.platform.engine.support.hierarchical.ThrowableCollector.execute(ThrowableCollector.java:73)
	at org.junit.jupiter.engine.descriptor.ClassBasedTestDescriptor.invokeBeforeAllMethods(ClassBasedTestDescriptor.java:409)
	at org.junit.jupiter.engine.descriptor.ClassBasedTestDescriptor.before(ClassBasedTestDescriptor.java:215)
	at org.junit.jupiter.engine.descriptor.ClassBasedTestDescriptor.before(ClassBasedTestDescriptor.java:84)
	at org.junit.platform.engine.support.hierarchical.NodeTestTask.lambda$executeRecursively$6(NodeTestTask.java:148)
	at org.junit.platform.engine.support.hierarchical.ThrowableCollector.execute(ThrowableCollector.java:73)
	at org.junit.platform.engine.support.hierarchical.NodeTestTask.lambda$executeRecursively$8(NodeTestTask.java:141)
	at org.junit.platform.engine.support.hierarchical.Node.around(Node.java:137)
	at org.junit.platform.engine.support.hierarchical.NodeTestTask.lambda$executeRecursively$9(NodeTestTask.java:139)
	at org.junit.platform.engine.support.hierarchical.ThrowableCollector.execute(ThrowableCollector.java:73)
	at org.junit.platform.engine.support.hierarchical.NodeTestTask.executeRecursively(NodeTestTask.java:138)
	at org.junit.platform.engine.support.hierarchical.NodeTestTask.execute(NodeTestTask.java:95)
	at java.base/java.util.ArrayList.forEach(ArrayList.java:1511)
	at org.junit.platform.engine.support.hierarchical.SameThreadHierarchicalTestExecutorService.invokeAll(SameThreadHierarchicalTestExecutorService.java:41)
	at org.junit.platform.engine.support.hierarchical.NodeTestTask.lambda$executeRecursively$6(NodeTestTask.java:155)
	at org.junit.platform.engine.support.hierarchical.ThrowableCollector.execute(ThrowableCollector.java:73)
	at org.junit.platform.engine.support.hierarchical.NodeTestTask.lambda$executeRecursively$8(NodeTestTask.java:141)
	at org.junit.platform.engine.support.hierarchical.Node.around(Node.java:137)
	at org.junit.platform.engine.support.hierarchical.NodeTestTask.lambda$executeRecursively$9(NodeTestTask.java:139)
	at org.junit.platform.engine.support.hierarchical.ThrowableCollector.execute(ThrowableCollector.java:73)
	at org.junit.platform.engine.support.hierarchical.NodeTestTask.executeRecursively(NodeTestTask.java:138)
	at org.junit.platform.engine.support.hierarchical.NodeTestTask.execute(NodeTestTask.java:95)
	at org.junit.platform.engine.support.hierarchical.SameThreadHierarchicalTestExecutorService.submit(SameThreadHierarchicalTestExecutorService.java:35)
	at org.junit.platform.engine.support.hierarchical.HierarchicalTestExecutor.execute(HierarchicalTestExecutor.java:57)
	at org.junit.platform.engine.support.hierarchical.HierarchicalTestEngine.execute(HierarchicalTestEngine.java:54)
	at org.junit.platform.launcher.core.EngineExecutionOrchestrator.execute(EngineExecutionOrchestrator.java:147)
	at org.junit.platform.launcher.core.EngineExecutionOrchestrator.execute(EngineExecutionOrchestrator.java:127)
	at org.junit.platform.launcher.core.EngineExecutionOrchestrator.execute(EngineExecutionOrchestrator.java:90)
	at org.junit.platform.launcher.core.EngineExecutionOrchestrator.lambda$execute$0(EngineExecutionOrchestrator.java:55)
	at org.junit.platform.launcher.core.EngineExecutionOrchestrator.withInterceptedStreams(EngineExecutionOrchestrator.java:102)
	at org.junit.platform.launcher.core.EngineExecutionOrchestrator.execute(EngineExecutionOrchestrator.java:54)
	at org.junit.platform.launcher.core.DefaultLauncher.execute(DefaultLauncher.java:114)
	at org.junit.platform.launcher.core.DefaultLauncher.execute(DefaultLauncher.java:86)
	at org.junit.platform.launcher.core.DefaultLauncherSession$DelegatingLauncher.execute(DefaultLauncherSession.java:86)
	at org.apache.maven.surefire.junitplatform.LazyLauncher.execute(LazyLauncher.java:55)
	at org.apache.maven.surefire.junitplatform.JUnitPlatformProvider.execute(JUnitPlatformProvider.java:223)
	at org.apache.maven.surefire.junitplatform.JUnitPlatformProvider.invokeAllTests(JUnitPlatformProvider.java:175)
	at org.apache.maven.surefire.junitplatform.JUnitPlatformProvider.invoke(JUnitPlatformProvider.java:139)
	at org.apache.maven.surefire.booter.ForkedBooter.runSuitesInProcess(ForkedBooter.java:456)
	at org.apache.maven.surefire.booter.ForkedBooter.execute(ForkedBooter.java:169)
	at org.apache.maven.surefire.booter.ForkedBooter.run(ForkedBooter.java:595)
	at org.apache.maven.surefire.booter.ForkedBooter.main(ForkedBooter.java:581)
]]></error>
    <system-out><![CDATA[2026-04-09 14:03:44 INFO  NodeServer:50 - process1 server is running... 
process1:9091
2026-04-09 14:03:44 INFO  ChordProtocols:109 - New ring created. Node = process1 | Successor = process1 | Predecessor = null
2026-04-09 14:03:46 INFO  NodeServer:50 - process2 server is running... 
process1:9091
2026-04-09 14:03:46 INFO  ChordProtocols:69 - JoinRing-randomNode = process1
2026-04-09 14:03:46 INFO  ChordProtocols:159 - Fixing the FingerTable for the Node: process2
2026-04-09 14:03:46 INFO  ChordLookup:103 - copy file keys that are <= process2 from successor process1 to process2
2026-04-09 14:03:46 INFO  ChordLookup:120 - Finished copying file keys from successor process1 to process2
2026-04-09 14:03:46 INFO  ChordProtocols:87 - process2 is between null | process1
2026-04-09 14:03:48 INFO  NodeServer:50 - process3 server is running... 
process1:9091
2026-04-09 14:03:48 INFO  ChordProtocols:69 - JoinRing-randomNode = process1
2026-04-09 14:03:48 INFO  ChordProtocols:159 - Fixing the FingerTable for the Node: process3
2026-04-09 14:03:48 INFO  ChordLookup:103 - copy file keys that are <= process3 from successor process1 to process3
2026-04-09 14:03:48 INFO  ChordLookup:120 - Finished copying file keys from successor process1 to process3
2026-04-09 14:03:48 INFO  ChordProtocols:87 - process3 is between null | process1
2026-04-09 14:03:49 INFO  StabilizationProtocols:130 - Updating the successor for Node: process1
2026-04-09 14:03:49 INFO  StabilizationProtocols:165 - Finished updating the successor for Node: process1
2026-04-09 14:03:49 INFO  StabilizationProtocols:84 - Stabilizing ring from process1...
2026-04-09 14:03:49 INFO  StabilizationProtocols:91 - Stabilize ring: succnode = process1
2026-04-09 14:03:49 INFO  StabilizationProtocols:113 - Finished stabilizing chordring from process1
2026-04-09 14:03:49 INFO  ChordProtocols:159 - Fixing the FingerTable for the Node: process1
2026-04-09 14:03:49 INFO  StabilizationProtocols:60 - Checking the predecessor for Node: process1
==================================
Node Identifier = 53937554629190552131995290006614509577
Node IP address = process1
successor(process1) = process1
predecessor(process1) = process2
Current File keys for process1 => []
==================================
2026-04-09 14:03:50 INFO  NodeServer:50 - process4 server is running... 
process1:9091
2026-04-09 14:03:50 INFO  ChordProtocols:69 - JoinRing-randomNode = process1
2026-04-09 14:03:50 INFO  ChordProtocols:159 - Fixing the FingerTable for the Node: process4
2026-04-09 14:03:50 INFO  ChordLookup:103 - copy file keys that are <= process4 from successor process1 to process4
2026-04-09 14:03:50 INFO  ChordLookup:120 - Finished copying file keys from successor process1 to process4
2026-04-09 14:03:50 INFO  ChordProtocols:87 - process4 is between null | process1
2026-04-09 14:03:51 INFO  StabilizationProtocols:130 - Updating the successor for Node: process1
2026-04-09 14:03:51 INFO  StabilizationProtocols:165 - Finished updating the successor for Node: process1
2026-04-09 14:03:51 INFO  StabilizationProtocols:84 - Stabilizing ring from process1...
2026-04-09 14:03:51 INFO  StabilizationProtocols:91 - Stabilize ring: succnode = process2
2026-04-09 14:03:51 INFO  StabilizationProtocols:113 - Finished stabilizing chordring from process1
2026-04-09 14:03:51 INFO  ChordProtocols:159 - Fixing the FingerTable for the Node: process1
2026-04-09 14:03:51 INFO  StabilizationProtocols:60 - Checking the predecessor for Node: process1
==================================
Node Identifier = 53937554629190552131995290006614509577
Node IP address = process1
successor(process1) = process2
predecessor(process1) = process2
Current File keys for process1 => []
==================================
2026-04-09 14:03:51 INFO  StabilizationProtocols:130 - Updating the successor for Node: process2
2026-04-09 14:03:51 INFO  StabilizationProtocols:84 - Stabilizing ring from process2...
2026-04-09 14:03:51 INFO  StabilizationProtocols:91 - Stabilize ring: succnode = process1
2026-04-09 14:03:51 INFO  StabilizationProtocols:113 - Finished stabilizing chordring from process2
2026-04-09 14:03:51 INFO  ChordProtocols:159 - Fixing the FingerTable for the Node: process2
2026-04-09 14:03:51 INFO  StabilizationProtocols:60 - Checking the predecessor for Node: process2
==================================
Node Identifier = 15618062003214643351512781541041391612
Node IP address = process2
successor(process2) = process1
predecessor(process2) = process2
Current File keys for process2 => []
==================================
2026-04-09 14:03:52 INFO  NodeServer:50 - process5 server is running... 
process1:9091
2026-04-09 14:03:52 INFO  ChordProtocols:69 - JoinRing-randomNode = process1
2026-04-09 14:03:52 INFO  ChordProtocols:159 - Fixing the FingerTable for the Node: process5
2026-04-09 14:03:52 INFO  ChordLookup:103 - copy file keys that are <= process5 from successor process2 to process5
2026-04-09 14:03:52 INFO  ChordLookup:120 - Finished copying file keys from successor process2 to process5
2026-04-09 14:03:52 INFO  ChordProtocols:87 - process5 is between null | process2
2026-04-09 14:03:53 INFO  StabilizationProtocols:130 - Updating the successor for Node: process1
2026-04-09 14:03:53 INFO  StabilizationProtocols:165 - Finished updating the successor for Node: process1
2026-04-09 14:03:53 INFO  StabilizationProtocols:84 - Stabilizing ring from process1...
2026-04-09 14:03:53 INFO  StabilizationProtocols:91 - Stabilize ring: succnode = process5
2026-04-09 14:03:53 INFO  StabilizationProtocols:113 - Finished stabilizing chordring from process1
2026-04-09 14:03:53 INFO  ChordProtocols:159 - Fixing the FingerTable for the Node: process1
2026-04-09 14:03:53 INFO  StabilizationProtocols:60 - Checking the predecessor for Node: process1
==================================
Node Identifier = 53937554629190552131995290006614509577
Node IP address = process1
successor(process1) = process5
predecessor(process1) = process2
Current File keys for process1 => []
==================================
2026-04-09 14:03:53 INFO  StabilizationProtocols:130 - Updating the successor for Node: process2
2026-04-09 14:03:53 INFO  StabilizationProtocols:84 - Stabilizing ring from process2...
2026-04-09 14:03:53 INFO  StabilizationProtocols:91 - Stabilize ring: succnode = process1
2026-04-09 14:03:53 INFO  StabilizationProtocols:113 - Finished stabilizing chordring from process2
2026-04-09 14:03:53 INFO  ChordProtocols:159 - Fixing the FingerTable for the Node: process2
2026-04-09 14:03:53 INFO  StabilizationProtocols:60 - Checking the predecessor for Node: process2
==================================
Node Identifier = 15618062003214643351512781541041391612
Node IP address = process2
successor(process2) = process1
predecessor(process2) = process5
Current File keys for process2 => []
==================================
2026-04-09 14:03:53 INFO  StabilizationProtocols:130 - Updating the successor for Node: process3
2026-04-09 14:03:53 INFO  StabilizationProtocols:165 - Finished updating the successor for Node: process3
2026-04-09 14:03:53 INFO  StabilizationProtocols:84 - Stabilizing ring from process3...
2026-04-09 14:03:53 INFO  StabilizationProtocols:91 - Stabilize ring: succnode = process2
2026-04-09 14:03:53 INFO  ChordLookup:103 - copy file keys that are <= process3 from successor process2 to process3
2026-04-09 14:03:53 INFO  ChordLookup:120 - Finished copying file keys from successor process2 to process3
2026-04-09 14:03:53 INFO  StabilizationProtocols:113 - Finished stabilizing chordring from process3
2026-04-09 14:03:53 INFO  ChordProtocols:159 - Fixing the FingerTable for the Node: process3
2026-04-09 14:03:53 INFO  StabilizationProtocols:60 - Checking the predecessor for Node: process3
==================================
Node Identifier = 66910184482037901621933403444034052414
Node IP address = process3
successor(process3) = process5
predecessor(process3) = process3
Current File keys for process3 => []
==================================
2026-04-09 14:03:55 INFO  StabilizationProtocols:130 - Updating the successor for Node: process1
2026-04-09 14:03:55 INFO  StabilizationProtocols:165 - Finished updating the successor for Node: process1
2026-04-09 14:03:55 INFO  StabilizationProtocols:84 - Stabilizing ring from process1...
2026-04-09 14:03:55 INFO  StabilizationProtocols:91 - Stabilize ring: succnode = process3
2026-04-09 14:03:55 INFO  StabilizationProtocols:113 - Finished stabilizing chordring from process1
2026-04-09 14:03:55 INFO  ChordProtocols:159 - Fixing the FingerTable for the Node: process1
2026-04-09 14:03:55 INFO  StabilizationProtocols:60 - Checking the predecessor for Node: process1
==================================
Node Identifier = 53937554629190552131995290006614509577
Node IP address = process1
successor(process1) = process3
predecessor(process1) = process2
Current File keys for process1 => []
==================================
2026-04-09 14:03:55 INFO  StabilizationProtocols:130 - Updating the successor for Node: process2
2026-04-09 14:03:55 INFO  StabilizationProtocols:84 - Stabilizing ring from process2...
2026-04-09 14:03:55 INFO  StabilizationProtocols:91 - Stabilize ring: succnode = process1
2026-04-09 14:03:55 INFO  StabilizationProtocols:113 - Finished stabilizing chordring from process2
2026-04-09 14:03:55 INFO  ChordProtocols:159 - Fixing the FingerTable for the Node: process2
2026-04-09 14:03:55 INFO  StabilizationProtocols:60 - Checking the predecessor for Node: process2
==================================
Node Identifier = 15618062003214643351512781541041391612
Node IP address = process2
successor(process2) = process1
predecessor(process2) = process5
Current File keys for process2 => []
==================================
2026-04-09 14:03:55 INFO  StabilizationProtocols:130 - Updating the successor for Node: process3
2026-04-09 14:03:55 INFO  StabilizationProtocols:84 - Stabilizing ring from process3...
2026-04-09 14:03:55 INFO  StabilizationProtocols:91 - Stabilize ring: succnode = process5
2026-04-09 14:03:55 INFO  StabilizationProtocols:113 - Finished stabilizing chordring from process3
2026-04-09 14:03:55 INFO  ChordProtocols:159 - Fixing the FingerTable for the Node: process3
2026-04-09 14:03:55 INFO  StabilizationProtocols:60 - Checking the predecessor for Node: process3
==================================
Node Identifier = 66910184482037901621933403444034052414
Node IP address = process3
successor(process3) = process5
predecessor(process3) = process3
Current File keys for process3 => []
==================================
2026-04-09 14:03:55 INFO  StabilizationProtocols:130 - Updating the successor for Node: process4
2026-04-09 14:03:55 INFO  StabilizationProtocols:165 - Finished updating the successor for Node: process4
2026-04-09 14:03:55 INFO  StabilizationProtocols:84 - Stabilizing ring from process4...
2026-04-09 14:03:55 INFO  StabilizationProtocols:91 - Stabilize ring: succnode = process2
2026-04-09 14:03:55 INFO  StabilizationProtocols:113 - Finished stabilizing chordring from process4
2026-04-09 14:03:55 INFO  ChordProtocols:159 - Fixing the FingerTable for the Node: process4
2026-04-09 14:03:55 INFO  StabilizationProtocols:60 - Checking the predecessor for Node: process4
==================================
Node Identifier = 210821560651360572675896360671414673172
Node IP address = process4
successor(process4) = process2
predecessor(process4) = process4
Current File keys for process4 => []
==================================
2026-04-09 14:03:57 INFO  StabilizationProtocols:130 - Updating the successor for Node: process1
2026-04-09 14:03:57 INFO  StabilizationProtocols:165 - Finished updating the successor for Node: process1
2026-04-09 14:03:57 INFO  StabilizationProtocols:84 - Stabilizing ring from process1...
2026-04-09 14:03:57 INFO  StabilizationProtocols:91 - Stabilize ring: succnode = process3
2026-04-09 14:03:57 INFO  StabilizationProtocols:113 - Finished stabilizing chordring from process1
2026-04-09 14:03:57 INFO  ChordProtocols:159 - Fixing the FingerTable for the Node: process1
2026-04-09 14:03:57 INFO  StabilizationProtocols:60 - Checking the predecessor for Node: process1
==================================
Node Identifier = 53937554629190552131995290006614509577
Node IP address = process1
successor(process1) = process3
predecessor(process1) = process2
Current File keys for process1 => []
==================================
2026-04-09 14:03:57 INFO  StabilizationProtocols:130 - Updating the successor for Node: process2
2026-04-09 14:03:57 INFO  StabilizationProtocols:84 - Stabilizing ring from process2...
2026-04-09 14:03:57 INFO  StabilizationProtocols:91 - Stabilize ring: succnode = process1
2026-04-09 14:03:57 INFO  StabilizationProtocols:113 - Finished stabilizing chordring from process2
2026-04-09 14:03:57 INFO  ChordProtocols:159 - Fixing the FingerTable for the Node: process2
2026-04-09 14:03:57 INFO  StabilizationProtocols:60 - Checking the predecessor for Node: process2
==================================
Node Identifier = 15618062003214643351512781541041391612
Node IP address = process2
successor(process2) = process1
predecessor(process2) = process5
Current File keys for process2 => []
==================================
2026-04-09 14:03:57 INFO  StabilizationProtocols:130 - Updating the successor for Node: process3
2026-04-09 14:03:57 INFO  StabilizationProtocols:84 - Stabilizing ring from process3...
2026-04-09 14:03:57 INFO  StabilizationProtocols:91 - Stabilize ring: succnode = process5
2026-04-09 14:03:57 INFO  StabilizationProtocols:113 - Finished stabilizing chordring from process3
2026-04-09 14:03:57 INFO  ChordProtocols:159 - Fixing the FingerTable for the Node: process3
2026-04-09 14:03:57 INFO  StabilizationProtocols:60 - Checking the predecessor for Node: process3
==================================
Node Identifier = 66910184482037901621933403444034052414
Node IP address = process3
successor(process3) = process5
predecessor(process3) = process1
Current File keys for process3 => []
==================================
2026-04-09 14:03:57 INFO  StabilizationProtocols:130 - Updating the successor for Node: process4
2026-04-09 14:03:57 INFO  StabilizationProtocols:165 - Finished updating the successor for Node: process4
2026-04-09 14:03:57 INFO  StabilizationProtocols:84 - Stabilizing ring from process4...
2026-04-09 14:03:57 INFO  StabilizationProtocols:91 - Stabilize ring: succnode = process5
2026-04-09 14:03:57 INFO  ChordLookup:103 - copy file keys that are <= process4 from successor process5 to process4
2026-04-09 14:03:57 INFO  ChordLookup:120 - Finished copying file keys from successor process5 to process4
2026-04-09 14:03:57 INFO  StabilizationProtocols:113 - Finished stabilizing chordring from process4
2026-04-09 14:03:57 INFO  ChordProtocols:159 - Fixing the FingerTable for the Node: process4
2026-04-09 14:03:57 INFO  StabilizationProtocols:60 - Checking the predecessor for Node: process4
==================================
Node Identifier = 210821560651360572675896360671414673172
Node IP address = process4
successor(process4) = process3
predecessor(process4) = process4
Current File keys for process4 => []
==================================
2026-04-09 14:03:57 INFO  StabilizationProtocols:130 - Updating the successor for Node: process5
2026-04-09 14:03:57 INFO  StabilizationProtocols:84 - Stabilizing ring from process5...
2026-04-09 14:03:57 INFO  StabilizationProtocols:91 - Stabilize ring: succnode = process2
2026-04-09 14:03:57 INFO  StabilizationProtocols:113 - Finished stabilizing chordring from process5
2026-04-09 14:03:57 INFO  ChordProtocols:159 - Fixing the FingerTable for the Node: process5
2026-04-09 14:03:57 INFO  StabilizationProtocols:60 - Checking the predecessor for Node: process5
==================================
Node Identifier = 121411138451101288395601026024677976156
Node IP address = process5
successor(process5) = process2
predecessor(process5) = process3
Current File keys for process5 => []
==================================
2026-04-09 14:03:59 INFO  StabilizationProtocols:130 - Updating the successor for Node: process1
2026-04-09 14:03:59 INFO  StabilizationProtocols:84 - Stabilizing ring from process1...
2026-04-09 14:03:59 INFO  StabilizationProtocols:91 - Stabilize ring: succnode = process3
2026-04-09 14:03:59 INFO  StabilizationProtocols:113 - Finished stabilizing chordring from process1
2026-04-09 14:03:59 INFO  ChordProtocols:159 - Fixing the FingerTable for the Node: process1
2026-04-09 14:03:59 INFO  StabilizationProtocols:60 - Checking the predecessor for Node: process1
==================================
Node Identifier = 53937554629190552131995290006614509577
Node IP address = process1
successor(process1) = process3
predecessor(process1) = process2
Current File keys for process1 => []
==================================
2026-04-09 14:03:59 INFO  StabilizationProtocols:130 - Updating the successor for Node: process2
2026-04-09 14:03:59 INFO  StabilizationProtocols:84 - Stabilizing ring from process2...
2026-04-09 14:03:59 INFO  StabilizationProtocols:91 - Stabilize ring: succnode = process1
2026-04-09 14:03:59 INFO  StabilizationProtocols:113 - Finished stabilizing chordring from process2
2026-04-09 14:03:59 INFO  ChordProtocols:159 - Fixing the FingerTable for the Node: process2
2026-04-09 14:03:59 INFO  StabilizationProtocols:60 - Checking the predecessor for Node: process2
==================================
Node Identifier = 15618062003214643351512781541041391612
Node IP address = process2
successor(process2) = process1
predecessor(process2) = process5
Current File keys for process2 => []
==================================
2026-04-09 14:03:59 INFO  StabilizationProtocols:130 - Updating the successor for Node: process3
2026-04-09 14:03:59 INFO  StabilizationProtocols:84 - Stabilizing ring from process3...
2026-04-09 14:03:59 INFO  StabilizationProtocols:91 - Stabilize ring: succnode = process5
2026-04-09 14:03:59 INFO  StabilizationProtocols:113 - Finished stabilizing chordring from process3
2026-04-09 14:03:59 INFO  ChordProtocols:159 - Fixing the FingerTable for the Node: process3
2026-04-09 14:03:59 INFO  StabilizationProtocols:60 - Checking the predecessor for Node: process3
==================================
Node Identifier = 66910184482037901621933403444034052414
Node IP address = process3
successor(process3) = process5
predecessor(process3) = process1
Current File keys for process3 => []
==================================
2026-04-09 14:03:59 INFO  StabilizationProtocols:130 - Updating the successor for Node: process4
2026-04-09 14:03:59 INFO  StabilizationProtocols:165 - Finished updating the successor for Node: process4
2026-04-09 14:03:59 INFO  StabilizationProtocols:84 - Stabilizing ring from process4...
2026-04-09 14:03:59 INFO  StabilizationProtocols:91 - Stabilize ring: succnode = process1
2026-04-09 14:03:59 INFO  ChordLookup:103 - copy file keys that are <= process4 from successor process1 to process4
2026-04-09 14:03:59 INFO  ChordLookup:120 - Finished copying file keys from successor process1 to process4
2026-04-09 14:03:59 INFO  StabilizationProtocols:113 - Finished stabilizing chordring from process4
2026-04-09 14:03:59 INFO  ChordProtocols:159 - Fixing the FingerTable for the Node: process4
2026-04-09 14:03:59 INFO  StabilizationProtocols:60 - Checking the predecessor for Node: process4
==================================
Node Identifier = 210821560651360572675896360671414673172
Node IP address = process4
successor(process4) = process2
predecessor(process4) = process4
Current File keys for process4 => []
==================================
2026-04-09 14:03:59 INFO  StabilizationProtocols:130 - Updating the successor for Node: process5
2026-04-09 14:03:59 INFO  StabilizationProtocols:165 - Finished updating the successor for Node: process5
2026-04-09 14:03:59 INFO  StabilizationProtocols:84 - Stabilizing ring from process5...
2026-04-09 14:03:59 INFO  StabilizationProtocols:91 - Stabilize ring: succnode = process4
2026-04-09 14:03:59 INFO  StabilizationProtocols:113 - Finished stabilizing chordring from process5
2026-04-09 14:03:59 INFO  ChordProtocols:159 - Fixing the FingerTable for the Node: process5
2026-04-09 14:03:59 INFO  StabilizationProtocols:60 - Checking the predecessor for Node: process5
==================================
Node Identifier = 121411138451101288395601026024677976156
Node IP address = process5
successor(process5) = process4
predecessor(process5) = process3
Current File keys for process5 => []
==================================
2026-04-09 14:04:01 INFO  StabilizationProtocols:130 - Updating the successor for Node: process1
2026-04-09 14:04:01 INFO  StabilizationProtocols:84 - Stabilizing ring from process1...
2026-04-09 14:04:01 INFO  StabilizationProtocols:91 - Stabilize ring: succnode = process3
2026-04-09 14:04:01 INFO  StabilizationProtocols:113 - Finished stabilizing chordring from process1
2026-04-09 14:04:01 INFO  ChordProtocols:159 - Fixing the FingerTable for the Node: process1
2026-04-09 14:04:01 INFO  StabilizationProtocols:60 - Checking the predecessor for Node: process1
==================================
Node Identifier = 53937554629190552131995290006614509577
Node IP address = process1
successor(process1) = process3
predecessor(process1) = process2
Current File keys for process1 => []
==================================
2026-04-09 14:04:01 INFO  StabilizationProtocols:130 - Updating the successor for Node: process2
2026-04-09 14:04:01 INFO  StabilizationProtocols:84 - Stabilizing ring from process2...
2026-04-09 14:04:01 INFO  StabilizationProtocols:91 - Stabilize ring: succnode = process1
2026-04-09 14:04:01 INFO  StabilizationProtocols:113 - Finished stabilizing chordring from process2
2026-04-09 14:04:01 INFO  ChordProtocols:159 - Fixing the FingerTable for the Node: process2
2026-04-09 14:04:01 INFO  StabilizationProtocols:60 - Checking the predecessor for Node: process2
==================================
Node Identifier = 15618062003214643351512781541041391612
Node IP address = process2
successor(process2) = process1
predecessor(process2) = process4
Current File keys for process2 => []
==================================
2026-04-09 14:04:01 INFO  StabilizationProtocols:130 - Updating the successor for Node: process3
2026-04-09 14:04:01 INFO  StabilizationProtocols:84 - Stabilizing ring from process3...
2026-04-09 14:04:01 INFO  StabilizationProtocols:91 - Stabilize ring: succnode = process5
2026-04-09 14:04:01 INFO  StabilizationProtocols:113 - Finished stabilizing chordring from process3
2026-04-09 14:04:01 INFO  ChordProtocols:159 - Fixing the FingerTable for the Node: process3
2026-04-09 14:04:01 INFO  StabilizationProtocols:60 - Checking the predecessor for Node: process3
==================================
Node Identifier = 66910184482037901621933403444034052414
Node IP address = process3
successor(process3) = process5
predecessor(process3) = process1
Current File keys for process3 => []
==================================
2026-04-09 14:04:01 INFO  StabilizationProtocols:130 - Updating the successor for Node: process4
2026-04-09 14:04:01 INFO  StabilizationProtocols:84 - Stabilizing ring from process4...
2026-04-09 14:04:01 INFO  StabilizationProtocols:91 - Stabilize ring: succnode = process2
2026-04-09 14:04:01 INFO  StabilizationProtocols:113 - Finished stabilizing chordring from process4
2026-04-09 14:04:01 INFO  ChordProtocols:159 - Fixing the FingerTable for the Node: process4
2026-04-09 14:04:01 INFO  StabilizationProtocols:60 - Checking the predecessor for Node: process4
==================================
Node Identifier = 210821560651360572675896360671414673172
Node IP address = process4
successor(process4) = process2
predecessor(process4) = process4
Current File keys for process4 => []
==================================
2026-04-09 14:04:01 INFO  StabilizationProtocols:130 - Updating the successor for Node: process5
2026-04-09 14:04:01 INFO  StabilizationProtocols:165 - Finished updating the successor for Node: process5
2026-04-09 14:04:01 INFO  StabilizationProtocols:84 - Stabilizing ring from process5...
2026-04-09 14:04:01 INFO  StabilizationProtocols:91 - Stabilize ring: succnode = process4
2026-04-09 14:04:01 INFO  StabilizationProtocols:113 - Finished stabilizing chordring from process5
2026-04-09 14:04:01 INFO  ChordProtocols:159 - Fixing the FingerTable for the Node: process5
2026-04-09 14:04:01 INFO  StabilizationProtocols:60 - Checking the predecessor for Node: process5
==================================
Node Identifier = 121411138451101288395601026024677976156
Node IP address = process5
successor(process5) = process4
predecessor(process5) = process3
Current File keys for process5 => []
==================================
2026-04-09 14:04:03 INFO  StabilizationProtocols:130 - Updating the successor for Node: process1
2026-04-09 14:04:03 INFO  StabilizationProtocols:84 - Stabilizing ring from process1...
2026-04-09 14:04:03 INFO  StabilizationProtocols:91 - Stabilize ring: succnode = process3
2026-04-09 14:04:03 INFO  StabilizationProtocols:113 - Finished stabilizing chordring from process1
2026-04-09 14:04:03 INFO  ChordProtocols:159 - Fixing the FingerTable for the Node: process1
2026-04-09 14:04:03 INFO  StabilizationProtocols:60 - Checking the predecessor for Node: process1
==================================
Node Identifier = 53937554629190552131995290006614509577
Node IP address = process1
successor(process1) = process3
predecessor(process1) = process2
Current File keys for process1 => []
==================================
2026-04-09 14:04:03 INFO  StabilizationProtocols:130 - Updating the successor for Node: process2
2026-04-09 14:04:03 INFO  StabilizationProtocols:84 - Stabilizing ring from process2...
2026-04-09 14:04:03 INFO  StabilizationProtocols:91 - Stabilize ring: succnode = process1
2026-04-09 14:04:03 INFO  StabilizationProtocols:113 - Finished stabilizing chordring from process2
2026-04-09 14:04:03 INFO  ChordProtocols:159 - Fixing the FingerTable for the Node: process2
2026-04-09 14:04:03 INFO  StabilizationProtocols:60 - Checking the predecessor for Node: process2
==================================
Node Identifier = 15618062003214643351512781541041391612
Node IP address = process2
successor(process2) = process1
predecessor(process2) = process4
Current File keys for process2 => []
==================================
2026-04-09 14:04:03 INFO  StabilizationProtocols:130 - Updating the successor for Node: process3
2026-04-09 14:04:03 INFO  StabilizationProtocols:84 - Stabilizing ring from process3...
2026-04-09 14:04:03 INFO  StabilizationProtocols:91 - Stabilize ring: succnode = process5
2026-04-09 14:04:03 INFO  StabilizationProtocols:113 - Finished stabilizing chordring from process3
2026-04-09 14:04:03 INFO  ChordProtocols:159 - Fixing the FingerTable for the Node: process3
2026-04-09 14:04:03 INFO  StabilizationProtocols:60 - Checking the predecessor for Node: process3
==================================
Node Identifier = 66910184482037901621933403444034052414
Node IP address = process3
successor(process3) = process5
predecessor(process3) = process1
Current File keys for process3 => []
==================================
2026-04-09 14:04:03 INFO  StabilizationProtocols:130 - Updating the successor for Node: process4
2026-04-09 14:04:03 INFO  StabilizationProtocols:84 - Stabilizing ring from process4...
2026-04-09 14:04:03 INFO  StabilizationProtocols:91 - Stabilize ring: succnode = process2
2026-04-09 14:04:03 INFO  StabilizationProtocols:113 - Finished stabilizing chordring from process4
2026-04-09 14:04:03 INFO  ChordProtocols:159 - Fixing the FingerTable for the Node: process4
2026-04-09 14:04:03 INFO  StabilizationProtocols:60 - Checking the predecessor for Node: process4
==================================
Node Identifier = 210821560651360572675896360671414673172
Node IP address = process4
successor(process4) = process2
predecessor(process4) = process5
Current File keys for process4 => []
==================================
2026-04-09 14:04:03 INFO  StabilizationProtocols:130 - Updating the successor for Node: process5
2026-04-09 14:04:03 INFO  StabilizationProtocols:84 - Stabilizing ring from process5...
2026-04-09 14:04:03 INFO  StabilizationProtocols:91 - Stabilize ring: succnode = process4
2026-04-09 14:04:03 INFO  StabilizationProtocols:113 - Finished stabilizing chordring from process5
2026-04-09 14:04:03 INFO  ChordProtocols:159 - Fixing the FingerTable for the Node: process5
2026-04-09 14:04:03 INFO  StabilizationProtocols:60 - Checking the predecessor for Node: process5
==================================
Node Identifier = 121411138451101288395601026024677976156
Node IP address = process5
successor(process5) = process4
predecessor(process5) = process3
Current File keys for process5 => []
==================================
2026-04-09 14:04:04 INFO  FileManager:193 - filename=file1 size=0,121
]]></system-out>
  </testcase>
</testsuite>